<?xml version="1.0" encoding="UTF-8"?>
<testsuite xmlns:xsi="http://www.w3.org/2001/XMLSchema-instance" xsi:noNamespaceSchemaLocation="https://maven.apache.org/surefire/maven-surefire-plugin/xsd/surefire-test-report.xsd" version="3.0.2" name="TestSuite" time="21.207" tests="2" errors="0" skipped="0" failures="0">
  <properties>
    <property name="java.specification.version" value="21"/>
    <property name="sun.jnu.encoding" value="UTF-8"/>
    <property name="java.class.path" value="/home/harshkrsharma/git/Framework_Selenium/target/test-classes:/home/harshkrsharma/git/Framework_Selenium/target/classes:/home/harshkrsharma/.m2/repository/org/seleniumhq/selenium/selenium-java/4.24.0/selenium-java-4.24.0.jar:/home/harshkrsharma/.m2/repository/org/seleniumhq/selenium/selenium-api/4.24.0/selenium-api-4.24.0.jar:/home/harshkrsharma/.m2/repository/org/jspecify/jspecify/1.0.0/jspecify-1.0.0.jar:/home/harshkrsharma/.m2/repository/org/seleniumhq/selenium/selenium-chrome-driver/4.24.0/selenium-chrome-driver-4.24.0.jar:/home/harshkrsharma/.m2/repository/com/google/auto/service/auto-service-annotations/1.1.1/auto-service-annotations-1.1.1.jar:/home/harshkrsharma/.m2/repository/org/seleniumhq/selenium/selenium-chromium-driver/4.24.0/selenium-chromium-driver-4.24.0.jar:/home/harshkrsharma/.m2/repository/org/seleniumhq/selenium/selenium-json/4.24.0/selenium-json-4.24.0.jar:/home/harshkrsharma/.m2/repository/org/seleniumhq/selenium/selenium-manager/4.24.0/selenium-manager-4.24.0.jar:/home/harshkrsharma/.m2/repository/org/seleniumhq/selenium/selenium-devtools-v126/4.24.0/selenium-devtools-v126-4.24.0.jar:/home/harshkrsharma/.m2/repository/org/seleniumhq/selenium/selenium-devtools-v127/4.24.0/selenium-devtools-v127-4.24.0.jar:/home/harshkrsharma/.m2/repository/org/seleniumhq/selenium/selenium-devtools-v128/4.24.0/selenium-devtools-v128-4.24.0.jar:/home/harshkrsharma/.m2/repository/org/seleniumhq/selenium/selenium-devtools-v85/4.24.0/selenium-devtools-v85-4.24.0.jar:/home/harshkrsharma/.m2/repository/org/seleniumhq/selenium/selenium-edge-driver/4.24.0/selenium-edge-driver-4.24.0.jar:/home/harshkrsharma/.m2/repository/org/seleniumhq/selenium/selenium-firefox-driver/4.24.0/selenium-firefox-driver-4.24.0.jar:/home/harshkrsharma/.m2/repository/org/seleniumhq/selenium/selenium-http/4.24.0/selenium-http-4.24.0.jar:/home/harshkrsharma/.m2/repository/dev/failsafe/failsafe/3.3.2/failsafe-3.3.2.jar:/home/harshkrsharma/.m2/repository/org/seleniumhq/selenium/selenium-ie-driver/4.24.0/selenium-ie-driver-4.24.0.jar:/home/harshkrsharma/.m2/repository/org/seleniumhq/selenium/selenium-remote-driver/4.24.0/selenium-remote-driver-4.24.0.jar:/home/harshkrsharma/.m2/repository/com/google/guava/guava/33.3.0-jre/guava-33.3.0-jre.jar:/home/harshkrsharma/.m2/repository/com/google/guava/failureaccess/1.0.2/failureaccess-1.0.2.jar:/home/harshkrsharma/.m2/repository/com/google/guava/listenablefuture/9999.0-empty-to-avoid-conflict-with-guava/listenablefuture-9999.0-empty-to-avoid-conflict-with-guava.jar:/home/harshkrsharma/.m2/repository/com/google/code/findbugs/jsr305/3.0.2/jsr305-3.0.2.jar:/home/harshkrsharma/.m2/repository/org/checkerframework/checker-qual/3.43.0/checker-qual-3.43.0.jar:/home/harshkrsharma/.m2/repository/com/google/errorprone/error_prone_annotations/2.28.0/error_prone_annotations-2.28.0.jar:/home/harshkrsharma/.m2/repository/com/google/j2objc/j2objc-annotations/3.0.0/j2objc-annotations-3.0.0.jar:/home/harshkrsharma/.m2/repository/io/opentelemetry/semconv/opentelemetry-semconv/1.25.0-alpha/opentelemetry-semconv-1.25.0-alpha.jar:/home/harshkrsharma/.m2/repository/io/opentelemetry/opentelemetry-api/1.41.0/opentelemetry-api-1.41.0.jar:/home/harshkrsharma/.m2/repository/io/opentelemetry/opentelemetry-context/1.41.0/opentelemetry-context-1.41.0.jar:/home/harshkrsharma/.m2/repository/io/opentelemetry/opentelemetry-exporter-logging/1.41.0/opentelemetry-exporter-logging-1.41.0.jar:/home/harshkrsharma/.m2/repository/io/opentelemetry/opentelemetry-sdk-common/1.41.0/opentelemetry-sdk-common-1.41.0.jar:/home/harshkrsharma/.m2/repository/io/opentelemetry/opentelemetry-sdk-extension-autoconfigure-spi/1.41.0/opentelemetry-sdk-extension-autoconfigure-spi-1.41.0.jar:/home/harshkrsharma/.m2/repository/io/opentelemetry/opentelemetry-sdk-extension-autoconfigure/1.41.0/opentelemetry-sdk-extension-autoconfigure-1.41.0.jar:/home/harshkrsharma/.m2/repository/io/opentelemetry/opentelemetry-api-incubator/1.41.0-alpha/opentelemetry-api-incubator-1.41.0-alpha.jar:/home/harshkrsharma/.m2/repository/io/opentelemetry/opentelemetry-sdk-trace/1.41.0/opentelemetry-sdk-trace-1.41.0.jar:/home/harshkrsharma/.m2/repository/io/opentelemetry/opentelemetry-sdk/1.41.0/opentelemetry-sdk-1.41.0.jar:/home/harshkrsharma/.m2/repository/io/opentelemetry/opentelemetry-sdk-metrics/1.41.0/opentelemetry-sdk-metrics-1.41.0.jar:/home/harshkrsharma/.m2/repository/io/opentelemetry/opentelemetry-sdk-logs/1.41.0/opentelemetry-sdk-logs-1.41.0.jar:/home/harshkrsharma/.m2/repository/net/bytebuddy/byte-buddy/1.15.0/byte-buddy-1.15.0.jar:/home/harshkrsharma/.m2/repository/org/seleniumhq/selenium/selenium-os/4.24.0/selenium-os-4.24.0.jar:/home/harshkrsharma/.m2/repository/org/apache/commons/commons-exec/1.4.0/commons-exec-1.4.0.jar:/home/harshkrsharma/.m2/repository/org/seleniumhq/selenium/selenium-safari-driver/4.24.0/selenium-safari-driver-4.24.0.jar:/home/harshkrsharma/.m2/repository/org/seleniumhq/selenium/selenium-support/4.24.0/selenium-support-4.24.0.jar:/home/harshkrsharma/.m2/repository/org/apache/poi/poi/5.2.5/poi-5.2.5.jar:/home/harshkrsharma/.m2/repository/commons-codec/commons-codec/1.16.0/commons-codec-1.16.0.jar:/home/harshkrsharma/.m2/repository/org/apache/commons/commons-collections4/4.4/commons-collections4-4.4.jar:/home/harshkrsharma/.m2/repository/org/apache/commons/commons-math3/3.6.1/commons-math3-3.6.1.jar:/home/harshkrsharma/.m2/repository/commons-io/commons-io/2.15.0/commons-io-2.15.0.jar:/home/harshkrsharma/.m2/repository/com/zaxxer/SparseBitSet/1.3/SparseBitSet-1.3.jar:/home/harshkrsharma/.m2/repository/org/apache/logging/log4j/log4j-api/2.21.1/log4j-api-2.21.1.jar:/home/harshkrsharma/.m2/repository/org/apache/poi/poi-ooxml/5.2.5/poi-ooxml-5.2.5.jar:/home/harshkrsharma/.m2/repository/org/apache/poi/poi-ooxml-lite/5.2.5/poi-ooxml-lite-5.2.5.jar:/home/harshkrsharma/.m2/repository/org/apache/xmlbeans/xmlbeans/5.2.0/xmlbeans-5.2.0.jar:/home/harshkrsharma/.m2/repository/org/apache/commons/commons-compress/1.25.0/commons-compress-1.25.0.jar:/home/harshkrsharma/.m2/repository/com/github/virtuald/curvesapi/1.08/curvesapi-1.08.jar:/home/harshkrsharma/.m2/repository/org/testng/testng/7.8.0/testng-7.8.0.jar:/home/harshkrsharma/.m2/repository/com/beust/jcommander/1.82/jcommander-1.82.jar:/home/harshkrsharma/.m2/repository/org/webjars/jquery/3.6.1/jquery-3.6.1.jar:/home/harshkrsharma/.m2/repository/org/slf4j/slf4j-api/2.0.13/slf4j-api-2.0.13.jar:/home/harshkrsharma/.m2/repository/org/slf4j/slf4j-simple/2.0.13/slf4j-simple-2.0.13.jar:/home/harshkrsharma/.m2/repository/io/qameta/allure/allure-testng/2.28.0/allure-testng-2.28.0.jar:/home/harshkrsharma/.m2/repository/io/qameta/allure/allure-java-commons/2.28.0/allure-java-commons-2.28.0.jar:/home/harshkrsharma/.m2/repository/io/qameta/allure/allure-model/2.28.0/allure-model-2.28.0.jar:/home/harshkrsharma/.m2/repository/io/qameta/allure/allure-test-filter/2.28.0/allure-test-filter-2.28.0.jar:/home/harshkrsharma/.m2/repository/com/aventstack/extentreports/5.0.8/extentreports-5.0.8.jar:/home/harshkrsharma/.m2/repository/io/reactivex/rxjava3/rxjava/3.0.4/rxjava-3.0.4.jar:/home/harshkrsharma/.m2/repository/org/reactivestreams/reactive-streams/1.0.3/reactive-streams-1.0.3.jar:/home/harshkrsharma/.m2/repository/org/freemarker/freemarker/2.3.30/freemarker-2.3.30.jar:/home/harshkrsharma/.m2/repository/com/google/code/gson/gson/2.8.6/gson-2.8.6.jar:/home/harshkrsharma/.m2/repository/org/projectlombok/lombok/1.18.24/lombok-1.18.24.jar:/home/harshkrsharma/.m2/repository/org/apache/maven/plugins/maven-war-plugin/3.4.0/maven-war-plugin-3.4.0.jar:/home/harshkrsharma/.m2/repository/org/apache/maven/maven-archiver/3.6.0/maven-archiver-3.6.0.jar:/home/harshkrsharma/.m2/repository/org/codehaus/plexus/plexus-io/3.4.0/plexus-io-3.4.0.jar:/home/harshkrsharma/.m2/repository/org/apache/maven/shared/maven-shared-utils/3.4.2/maven-shared-utils-3.4.2.jar:/home/harshkrsharma/.m2/repository/org/codehaus/plexus/plexus-archiver/4.7.1/plexus-archiver-4.7.1.jar:/home/harshkrsharma/.m2/repository/javax/inject/javax.inject/1/javax.inject-1.jar:/home/harshkrsharma/.m2/repository/org/iq80/snappy/snappy/0.4/snappy-0.4.jar:/home/harshkrsharma/.m2/repository/org/tukaani/xz/1.9/xz-1.9.jar:/home/harshkrsharma/.m2/repository/com/github/luben/zstd-jni/1.5.5-2/zstd-jni-1.5.5-2.jar:/home/harshkrsharma/.m2/repository/org/codehaus/plexus/plexus-interpolation/1.26/plexus-interpolation-1.26.jar:/home/harshkrsharma/.m2/repository/org/codehaus/plexus/plexus-utils/3.5.1/plexus-utils-3.5.1.jar:/home/harshkrsharma/.m2/repository/org/apache/maven/shared/maven-filtering/3.3.1/maven-filtering-3.3.1.jar:/home/harshkrsharma/.m2/repository/org/sonatype/plexus/plexus-build-api/0.0.7/plexus-build-api-0.0.7.jar:/home/harshkrsharma/.m2/repository/org/apache/maven/shared/maven-mapping/3.0.0/maven-mapping-3.0.0.jar:/home/harshkrsharma/.m2/repository/org/apache/maven/maven-core/3.0/maven-core-3.0.jar:/home/harshkrsharma/.m2/repository/org/apache/maven/maven-model/3.0/maven-model-3.0.jar:/home/harshkrsharma/.m2/repository/org/apache/maven/maven-settings/3.0/maven-settings-3.0.jar:/home/harshkrsharma/.m2/repository/org/apache/maven/maven-settings-builder/3.0/maven-settings-builder-3.0.jar:/home/harshkrsharma/.m2/repository/org/apache/maven/maven-repository-metadata/3.0/maven-repository-metadata-3.0.jar:/home/harshkrsharma/.m2/repository/org/apache/maven/maven-artifact/3.0/maven-artifact-3.0.jar:/home/harshkrsharma/.m2/repository/org/apache/maven/maven-plugin-api/3.0/maven-plugin-api-3.0.jar:/home/harshkrsharma/.m2/repository/org/apache/maven/maven-model-builder/3.0/maven-model-builder-3.0.jar:/home/harshkrsharma/.m2/repository/org/apache/maven/maven-aether-provider/3.0/maven-aether-provider-3.0.jar:/home/harshkrsharma/.m2/repository/org/sonatype/aether/aether-impl/1.7/aether-impl-1.7.jar:/home/harshkrsharma/.m2/repository/org/sonatype/aether/aether-spi/1.7/aether-spi-1.7.jar:/home/harshkrsharma/.m2/repository/org/sonatype/aether/aether-api/1.7/aether-api-1.7.jar:/home/harshkrsharma/.m2/repository/org/sonatype/aether/aether-util/1.7/aether-util-1.7.jar:/home/harshkrsharma/.m2/repository/org/sonatype/sisu/sisu-inject-plexus/1.4.2/sisu-inject-plexus-1.4.2.jar:/home/harshkrsharma/.m2/repository/org/sonatype/sisu/sisu-inject-bean/1.4.2/sisu-inject-bean-1.4.2.jar:/home/harshkrsharma/.m2/repository/org/sonatype/sisu/sisu-guice/2.1.7/sisu-guice-2.1.7-noaop.jar:/home/harshkrsharma/.m2/repository/org/codehaus/plexus/plexus-classworlds/2.2.3/plexus-classworlds-2.2.3.jar:/home/harshkrsharma/.m2/repository/org/codehaus/plexus/plexus-component-annotations/1.5.5/plexus-component-annotations-1.5.5.jar:/home/harshkrsharma/.m2/repository/org/sonatype/plexus/plexus-sec-dispatcher/1.3/plexus-sec-dispatcher-1.3.jar:/home/harshkrsharma/.m2/repository/org/sonatype/plexus/plexus-cipher/1.4/plexus-cipher-1.4.jar:/home/harshkrsharma/.m2/repository/javax/servlet/javax.servlet-api/3.0.1/javax.servlet-api-3.0.1.jar:"/>
    <property name="java.vm.vendor" value="Debian"/>
    <property name="sun.arch.data.model" value="64"/>
    <property name="swing.aatext" value="true"/>
    <property name="java.vendor.url" value="https://tracker.debian.org/openjdk-21"/>
    <property name="user.timezone" value="Asia/Kolkata"/>
    <property name="os.name" value="Linux"/>
    <property name="java.vm.specification.version" value="21"/>
    <property name="sun.java.launcher" value="SUN_STANDARD"/>
    <property name="sun.boot.library.path" value="/usr/lib/jvm/java-21-openjdk-amd64/lib"/>
    <property name="sun.java.command" value="/home/harshkrsharma/git/Framework_Selenium/target/surefire/surefirebooter-20240923231920093_3.jar /home/harshkrsharma/git/Framework_Selenium/target/surefire 2024-09-23T23-19-19_597-jvmRun1 surefire-20240923231920093_1tmp surefire_0-20240923231920093_2tmp"/>
    <property name="jdk.debug" value="release"/>
    <property name="surefire.test.class.path" value="/home/harshkrsharma/git/Framework_Selenium/target/test-classes:/home/harshkrsharma/git/Framework_Selenium/target/classes:/home/harshkrsharma/.m2/repository/org/seleniumhq/selenium/selenium-java/4.24.0/selenium-java-4.24.0.jar:/home/harshkrsharma/.m2/repository/org/seleniumhq/selenium/selenium-api/4.24.0/selenium-api-4.24.0.jar:/home/harshkrsharma/.m2/repository/org/jspecify/jspecify/1.0.0/jspecify-1.0.0.jar:/home/harshkrsharma/.m2/repository/org/seleniumhq/selenium/selenium-chrome-driver/4.24.0/selenium-chrome-driver-4.24.0.jar:/home/harshkrsharma/.m2/repository/com/google/auto/service/auto-service-annotations/1.1.1/auto-service-annotations-1.1.1.jar:/home/harshkrsharma/.m2/repository/org/seleniumhq/selenium/selenium-chromium-driver/4.24.0/selenium-chromium-driver-4.24.0.jar:/home/harshkrsharma/.m2/repository/org/seleniumhq/selenium/selenium-json/4.24.0/selenium-json-4.24.0.jar:/home/harshkrsharma/.m2/repository/org/seleniumhq/selenium/selenium-manager/4.24.0/selenium-manager-4.24.0.jar:/home/harshkrsharma/.m2/repository/org/seleniumhq/selenium/selenium-devtools-v126/4.24.0/selenium-devtools-v126-4.24.0.jar:/home/harshkrsharma/.m2/repository/org/seleniumhq/selenium/selenium-devtools-v127/4.24.0/selenium-devtools-v127-4.24.0.jar:/home/harshkrsharma/.m2/repository/org/seleniumhq/selenium/selenium-devtools-v128/4.24.0/selenium-devtools-v128-4.24.0.jar:/home/harshkrsharma/.m2/repository/org/seleniumhq/selenium/selenium-devtools-v85/4.24.0/selenium-devtools-v85-4.24.0.jar:/home/harshkrsharma/.m2/repository/org/seleniumhq/selenium/selenium-edge-driver/4.24.0/selenium-edge-driver-4.24.0.jar:/home/harshkrsharma/.m2/repository/org/seleniumhq/selenium/selenium-firefox-driver/4.24.0/selenium-firefox-driver-4.24.0.jar:/home/harshkrsharma/.m2/repository/org/seleniumhq/selenium/selenium-http/4.24.0/selenium-http-4.24.0.jar:/home/harshkrsharma/.m2/repository/dev/failsafe/failsafe/3.3.2/failsafe-3.3.2.jar:/home/harshkrsharma/.m2/repository/org/seleniumhq/selenium/selenium-ie-driver/4.24.0/selenium-ie-driver-4.24.0.jar:/home/harshkrsharma/.m2/repository/org/seleniumhq/selenium/selenium-remote-driver/4.24.0/selenium-remote-driver-4.24.0.jar:/home/harshkrsharma/.m2/repository/com/google/guava/guava/33.3.0-jre/guava-33.3.0-jre.jar:/home/harshkrsharma/.m2/repository/com/google/guava/failureaccess/1.0.2/failureaccess-1.0.2.jar:/home/harshkrsharma/.m2/repository/com/google/guava/listenablefuture/9999.0-empty-to-avoid-conflict-with-guava/listenablefuture-9999.0-empty-to-avoid-conflict-with-guava.jar:/home/harshkrsharma/.m2/repository/com/google/code/findbugs/jsr305/3.0.2/jsr305-3.0.2.jar:/home/harshkrsharma/.m2/repository/org/checkerframework/checker-qual/3.43.0/checker-qual-3.43.0.jar:/home/harshkrsharma/.m2/repository/com/google/errorprone/error_prone_annotations/2.28.0/error_prone_annotations-2.28.0.jar:/home/harshkrsharma/.m2/repository/com/google/j2objc/j2objc-annotations/3.0.0/j2objc-annotations-3.0.0.jar:/home/harshkrsharma/.m2/repository/io/opentelemetry/semconv/opentelemetry-semconv/1.25.0-alpha/opentelemetry-semconv-1.25.0-alpha.jar:/home/harshkrsharma/.m2/repository/io/opentelemetry/opentelemetry-api/1.41.0/opentelemetry-api-1.41.0.jar:/home/harshkrsharma/.m2/repository/io/opentelemetry/opentelemetry-context/1.41.0/opentelemetry-context-1.41.0.jar:/home/harshkrsharma/.m2/repository/io/opentelemetry/opentelemetry-exporter-logging/1.41.0/opentelemetry-exporter-logging-1.41.0.jar:/home/harshkrsharma/.m2/repository/io/opentelemetry/opentelemetry-sdk-common/1.41.0/opentelemetry-sdk-common-1.41.0.jar:/home/harshkrsharma/.m2/repository/io/opentelemetry/opentelemetry-sdk-extension-autoconfigure-spi/1.41.0/opentelemetry-sdk-extension-autoconfigure-spi-1.41.0.jar:/home/harshkrsharma/.m2/repository/io/opentelemetry/opentelemetry-sdk-extension-autoconfigure/1.41.0/opentelemetry-sdk-extension-autoconfigure-1.41.0.jar:/home/harshkrsharma/.m2/repository/io/opentelemetry/opentelemetry-api-incubator/1.41.0-alpha/opentelemetry-api-incubator-1.41.0-alpha.jar:/home/harshkrsharma/.m2/repository/io/opentelemetry/opentelemetry-sdk-trace/1.41.0/opentelemetry-sdk-trace-1.41.0.jar:/home/harshkrsharma/.m2/repository/io/opentelemetry/opentelemetry-sdk/1.41.0/opentelemetry-sdk-1.41.0.jar:/home/harshkrsharma/.m2/repository/io/opentelemetry/opentelemetry-sdk-metrics/1.41.0/opentelemetry-sdk-metrics-1.41.0.jar:/home/harshkrsharma/.m2/repository/io/opentelemetry/opentelemetry-sdk-logs/1.41.0/opentelemetry-sdk-logs-1.41.0.jar:/home/harshkrsharma/.m2/repository/net/bytebuddy/byte-buddy/1.15.0/byte-buddy-1.15.0.jar:/home/harshkrsharma/.m2/repository/org/seleniumhq/selenium/selenium-os/4.24.0/selenium-os-4.24.0.jar:/home/harshkrsharma/.m2/repository/org/apache/commons/commons-exec/1.4.0/commons-exec-1.4.0.jar:/home/harshkrsharma/.m2/repository/org/seleniumhq/selenium/selenium-safari-driver/4.24.0/selenium-safari-driver-4.24.0.jar:/home/harshkrsharma/.m2/repository/org/seleniumhq/selenium/selenium-support/4.24.0/selenium-support-4.24.0.jar:/home/harshkrsharma/.m2/repository/org/apache/poi/poi/5.2.5/poi-5.2.5.jar:/home/harshkrsharma/.m2/repository/commons-codec/commons-codec/1.16.0/commons-codec-1.16.0.jar:/home/harshkrsharma/.m2/repository/org/apache/commons/commons-collections4/4.4/commons-collections4-4.4.jar:/home/harshkrsharma/.m2/repository/org/apache/commons/commons-math3/3.6.1/commons-math3-3.6.1.jar:/home/harshkrsharma/.m2/repository/commons-io/commons-io/2.15.0/commons-io-2.15.0.jar:/home/harshkrsharma/.m2/repository/com/zaxxer/SparseBitSet/1.3/SparseBitSet-1.3.jar:/home/harshkrsharma/.m2/repository/org/apache/logging/log4j/log4j-api/2.21.1/log4j-api-2.21.1.jar:/home/harshkrsharma/.m2/repository/org/apache/poi/poi-ooxml/5.2.5/poi-ooxml-5.2.5.jar:/home/harshkrsharma/.m2/repository/org/apache/poi/poi-ooxml-lite/5.2.5/poi-ooxml-lite-5.2.5.jar:/home/harshkrsharma/.m2/repository/org/apache/xmlbeans/xmlbeans/5.2.0/xmlbeans-5.2.0.jar:/home/harshkrsharma/.m2/repository/org/apache/commons/commons-compress/1.25.0/commons-compress-1.25.0.jar:/home/harshkrsharma/.m2/repository/com/github/virtuald/curvesapi/1.08/curvesapi-1.08.jar:/home/harshkrsharma/.m2/repository/org/testng/testng/7.8.0/testng-7.8.0.jar:/home/harshkrsharma/.m2/repository/com/beust/jcommander/1.82/jcommander-1.82.jar:/home/harshkrsharma/.m2/repository/org/webjars/jquery/3.6.1/jquery-3.6.1.jar:/home/harshkrsharma/.m2/repository/org/slf4j/slf4j-api/2.0.13/slf4j-api-2.0.13.jar:/home/harshkrsharma/.m2/repository/org/slf4j/slf4j-simple/2.0.13/slf4j-simple-2.0.13.jar:/home/harshkrsharma/.m2/repository/io/qameta/allure/allure-testng/2.28.0/allure-testng-2.28.0.jar:/home/harshkrsharma/.m2/repository/io/qameta/allure/allure-java-commons/2.28.0/allure-java-commons-2.28.0.jar:/home/harshkrsharma/.m2/repository/io/qameta/allure/allure-model/2.28.0/allure-model-2.28.0.jar:/home/harshkrsharma/.m2/repository/io/qameta/allure/allure-test-filter/2.28.0/allure-test-filter-2.28.0.jar:/home/harshkrsharma/.m2/repository/com/aventstack/extentreports/5.0.8/extentreports-5.0.8.jar:/home/harshkrsharma/.m2/repository/io/reactivex/rxjava3/rxjava/3.0.4/rxjava-3.0.4.jar:/home/harshkrsharma/.m2/repository/org/reactivestreams/reactive-streams/1.0.3/reactive-streams-1.0.3.jar:/home/harshkrsharma/.m2/repository/org/freemarker/freemarker/2.3.30/freemarker-2.3.30.jar:/home/harshkrsharma/.m2/repository/com/google/code/gson/gson/2.8.6/gson-2.8.6.jar:/home/harshkrsharma/.m2/repository/org/projectlombok/lombok/1.18.24/lombok-1.18.24.jar:/home/harshkrsharma/.m2/repository/org/apache/maven/plugins/maven-war-plugin/3.4.0/maven-war-plugin-3.4.0.jar:/home/harshkrsharma/.m2/repository/org/apache/maven/maven-archiver/3.6.0/maven-archiver-3.6.0.jar:/home/harshkrsharma/.m2/repository/org/codehaus/plexus/plexus-io/3.4.0/plexus-io-3.4.0.jar:/home/harshkrsharma/.m2/repository/org/apache/maven/shared/maven-shared-utils/3.4.2/maven-shared-utils-3.4.2.jar:/home/harshkrsharma/.m2/repository/org/codehaus/plexus/plexus-archiver/4.7.1/plexus-archiver-4.7.1.jar:/home/harshkrsharma/.m2/repository/javax/inject/javax.inject/1/javax.inject-1.jar:/home/harshkrsharma/.m2/repository/org/iq80/snappy/snappy/0.4/snappy-0.4.jar:/home/harshkrsharma/.m2/repository/org/tukaani/xz/1.9/xz-1.9.jar:/home/harshkrsharma/.m2/repository/com/github/luben/zstd-jni/1.5.5-2/zstd-jni-1.5.5-2.jar:/home/harshkrsharma/.m2/repository/org/codehaus/plexus/plexus-interpolation/1.26/plexus-interpolation-1.26.jar:/home/harshkrsharma/.m2/repository/org/codehaus/plexus/plexus-utils/3.5.1/plexus-utils-3.5.1.jar:/home/harshkrsharma/.m2/repository/org/apache/maven/shared/maven-filtering/3.3.1/maven-filtering-3.3.1.jar:/home/harshkrsharma/.m2/repository/org/sonatype/plexus/plexus-build-api/0.0.7/plexus-build-api-0.0.7.jar:/home/harshkrsharma/.m2/repository/org/apache/maven/shared/maven-mapping/3.0.0/maven-mapping-3.0.0.jar:/home/harshkrsharma/.m2/repository/org/apache/maven/maven-core/3.0/maven-core-3.0.jar:/home/harshkrsharma/.m2/repository/org/apache/maven/maven-model/3.0/maven-model-3.0.jar:/home/harshkrsharma/.m2/repository/org/apache/maven/maven-settings/3.0/maven-settings-3.0.jar:/home/harshkrsharma/.m2/repository/org/apache/maven/maven-settings-builder/3.0/maven-settings-builder-3.0.jar:/home/harshkrsharma/.m2/repository/org/apache/maven/maven-repository-metadata/3.0/maven-repository-metadata-3.0.jar:/home/harshkrsharma/.m2/repository/org/apache/maven/maven-artifact/3.0/maven-artifact-3.0.jar:/home/harshkrsharma/.m2/repository/org/apache/maven/maven-plugin-api/3.0/maven-plugin-api-3.0.jar:/home/harshkrsharma/.m2/repository/org/apache/maven/maven-model-builder/3.0/maven-model-builder-3.0.jar:/home/harshkrsharma/.m2/repository/org/apache/maven/maven-aether-provider/3.0/maven-aether-provider-3.0.jar:/home/harshkrsharma/.m2/repository/org/sonatype/aether/aether-impl/1.7/aether-impl-1.7.jar:/home/harshkrsharma/.m2/repository/org/sonatype/aether/aether-spi/1.7/aether-spi-1.7.jar:/home/harshkrsharma/.m2/repository/org/sonatype/aether/aether-api/1.7/aether-api-1.7.jar:/home/harshkrsharma/.m2/repository/org/sonatype/aether/aether-util/1.7/aether-util-1.7.jar:/home/harshkrsharma/.m2/repository/org/sonatype/sisu/sisu-inject-plexus/1.4.2/sisu-inject-plexus-1.4.2.jar:/home/harshkrsharma/.m2/repository/org/sonatype/sisu/sisu-inject-bean/1.4.2/sisu-inject-bean-1.4.2.jar:/home/harshkrsharma/.m2/repository/org/sonatype/sisu/sisu-guice/2.1.7/sisu-guice-2.1.7-noaop.jar:/home/harshkrsharma/.m2/repository/org/codehaus/plexus/plexus-classworlds/2.2.3/plexus-classworlds-2.2.3.jar:/home/harshkrsharma/.m2/repository/org/codehaus/plexus/plexus-component-annotations/1.5.5/plexus-component-annotations-1.5.5.jar:/home/harshkrsharma/.m2/repository/org/sonatype/plexus/plexus-sec-dispatcher/1.3/plexus-sec-dispatcher-1.3.jar:/home/harshkrsharma/.m2/repository/org/sonatype/plexus/plexus-cipher/1.4/plexus-cipher-1.4.jar:/home/harshkrsharma/.m2/repository/javax/servlet/javax.servlet-api/3.0.1/javax.servlet-api-3.0.1.jar:"/>
    <property name="sun.cpu.endian" value="little"/>
    <property name="user.home" value="/home/harshkrsharma"/>
    <property name="user.language" value="en"/>
    <property name="java.specification.vendor" value="Oracle Corporation"/>
    <property name="java.version.date" value="2024-10-15"/>
    <property name="java.home" value="/usr/lib/jvm/java-21-openjdk-amd64"/>
    <property name="file.separator" value="/"/>
    <property name="basedir" value="/home/harshkrsharma/git/Framework_Selenium"/>
    <property name="java.vm.compressedOopsMode" value="32-bit"/>
    <property name="line.separator" value="&#10;"/>
    <property name="java.specification.name" value="Java Platform API Specification"/>
    <property name="java.vm.specification.vendor" value="Oracle Corporation"/>
    <property name="surefire.real.class.path" value="/home/harshkrsharma/git/Framework_Selenium/target/surefire/surefirebooter-20240923231920093_3.jar"/>
    <property name="awt.useSystemAAFontSettings" value="on"/>
    <property name="sun.management.compiler" value="HotSpot 64-Bit Tiered Compilers"/>
    <property name="java.runtime.version" value="21.0.5-ea+6-Debian-1"/>
    <property name="user.name" value="harshkrsharma"/>
    <property name="stdout.encoding" value="UTF-8"/>
    <property name="path.separator" value=":"/>
    <property name="os.version" value="6.10.9-amd64"/>
    <property name="java.runtime.name" value="OpenJDK Runtime Environment"/>
    <property name="file.encoding" value="UTF-8"/>
    <property name="java.vm.name" value="OpenJDK 64-Bit Server VM"/>
    <property name="localRepository" value="/home/harshkrsharma/.m2/repository"/>
    <property name="java.vendor.url.bug" value="https://bugs.debian.org/openjdk-21"/>
    <property name="java.io.tmpdir" value="/tmp"/>
    <property name="java.version" value="21.0.5-ea"/>
    <property name="user.dir" value="/home/harshkrsharma/git/Framework_Selenium"/>
    <property name="os.arch" value="amd64"/>
    <property name="java.vm.specification.name" value="Java Virtual Machine Specification"/>
    <property name="native.encoding" value="UTF-8"/>
    <property name="java.library.path" value="/usr/java/packages/lib:/usr/lib/x86_64-linux-gnu/jni:/lib/x86_64-linux-gnu:/usr/lib/x86_64-linux-gnu:/usr/lib/jni:/lib:/usr/lib"/>
    <property name="java.vm.info" value="mixed mode, sharing"/>
    <property name="stderr.encoding" value="UTF-8"/>
    <property name="java.vendor" value="Debian"/>
    <property name="java.vm.version" value="21.0.5-ea+6-Debian-1"/>
    <property name="sun.io.unicode.encoding" value="UnicodeLittle"/>
    <property name="java.class.version" value="65.0"/>
  </properties>
  <testcase name="CreateContact" classname="TestClasses.CreateContactTest" time="6.177">
    <system-out><![CDATA[===DB CONNECTION===
Chrome browser has Launched
Launch Browser
User has successfully logged in to app
]]></system-out>
    <system-err><![CDATA[Sep 23, 2024 11:19:21 PM org.openqa.selenium.devtools.CdpVersionFinder findNearestMatch
WARNING: Unable to find an exact match for CDP version 129, returning the closest version; found: 128; Please update to a Selenium version that supports CDP version 129
]]></system-err>
  </testcase>
  <testcase name="createOrg" classname="TestClasses.CreateOrganizationTest" time="6.532">
    <system-out><![CDATA[User has logged out from application successfully
Close Browser
Chrome browser has Launched
Launch Browser
User has successfully logged in to app
]]></system-out>
    <system-err><![CDATA[Sep 23, 2024 11:19:31 PM org.openqa.selenium.devtools.CdpVersionFinder findNearestMatch
WARNING: Unable to find an exact match for CDP version 129, returning the closest version; found: 128; Please update to a Selenium version that supports CDP version 129
]]></system-err>
  </testcase>
</testsuite>