<?xml version="1.0" encoding="UTF-8"?>
<!-- Generated by org.testng.reporters.JUnitReportReporter -->
<testsuite hostname="harsh-ThinkPad-E15-Gen-2" failures="0" tests="1" name="Trials.sc1" time="1.941" errors="0" timestamp="2024-08-09T20:17:49 IST" skipped="0">
  <testcase classname="Trials.sc1" name="takescreenshot" time="1.941"/>
</testsuite> <!-- Trials.sc1 -->
