<?xml version="1.0" encoding="UTF-8"?>
<!-- Generated by org.testng.reporters.JUnitReportReporter -->
<testsuite hostname="HARSH-PC" failures="0" tests="1" name="TestClasses.CreateContactTest" time="8.572" errors="0" timestamp="2024-08-17T14:50:29 IST" skipped="0">
  <testcase classname="TestClasses.CreateContactTest" name="CreateContact" time="8.572"/>
  <system-out>
    <![CDATA[Contact is created successfully and test case is passed]]>
  </system-out>
</testsuite> <!-- TestClasses.CreateContactTest -->
