<?xml version="1.0" encoding="UTF-8"?>
<!-- Generated by org.testng.reporters.JUnitReportReporter -->
<testsuite hostname="kali" failures="0" tests="1" name="TestClasses.CreateOrganizationTest" time="8.736" errors="0" timestamp="2024-09-23T23:14:03 IST" skipped="0">
  <testcase classname="TestClasses.CreateOrganizationTest" name="createOrg" time="8.736"/>
  <system-out>
    <![CDATA[Organization is created successfully and test case is passed]]>
  </system-out>
</testsuite> <!-- TestClasses.CreateOrganizationTest -->
