<?xml version="1.0" encoding="UTF-8"?>
<!-- Generated by org.testng.reporters.JUnitReportReporter -->
<testsuite hostname="HARSH-PC" failures="0" tests="1" name="TestClasses.CreateOrganizationTest" time="9.575" errors="0" timestamp="2024-08-14T18:47:01 IST" skipped="0">
  <testcase classname="TestClasses.CreateOrganizationTest" name="createOrg" time="9.575"/>
  <system-out>
    <![CDATA[Organization is created successfully and test case is passed]]>
  </system-out>
</testsuite> <!-- TestClasses.CreateOrganizationTest -->
