<?xml version="1.0" encoding="UTF-8"?>
<!-- Generated by org.testng.reporters.JUnitReportReporter -->
<testsuite hostname="HARSH-PC" failures="0" tests="1" name="TestClasses.CreateOrganizationTest" time="10.437" errors="0" timestamp="2024-09-04T21:41:02 IST" skipped="0">
  <testcase classname="TestClasses.CreateOrganizationTest" name="createOrg" time="10.437"/>
  <system-out>
    <![CDATA[Organization is created successfully and test case is passed]]>
  </system-out>
</testsuite> <!-- TestClasses.CreateOrganizationTest -->
