<?xml version="1.0" encoding="UTF-8"?>
<!-- Generated by org.testng.reporters.JUnitReportReporter -->
<testsuite hostname="kali" failures="0" tests="1" name="TestClasses.CreateContactTest" time="9.109" errors="0" timestamp="2024-09-23T23:14:03 IST" skipped="0">
  <testcase classname="TestClasses.CreateContactTest" name="CreateContact" time="9.109"/>
  <system-out>
    <![CDATA[Contact is created successfully and test case is passed]]>
  </system-out>
</testsuite> <!-- TestClasses.CreateContactTest -->
