<?xml version="1.0" encoding="UTF-8"?>
<!-- Generated by org.testng.reporters.JUnitReportReporter -->
<testsuite hostname="HARSH-PC" failures="0" tests="1" name="TestClasses.CreateOrganizationTest" time="11.034" errors="0" timestamp="2024-09-04T20:03:12 IST" skipped="0">
  <testcase classname="TestClasses.CreateOrganizationTest" name="createOrg" time="11.034">
    <system-out>
      <![CDATA[Organization is created successfully and test case is passed]]>
    </system-out>
  </testcase> <!-- createOrg -->
  <system-out>
    <![CDATA[===DB CONNECTION===
Chrome browser has Launched
Launch Browser
User has successfully logged in to app
Contact is created successfully and test case is passed
User has logged out from application successfully
Close Browser
Chrome browser has Launched
Launch Browser
User has successfully logged in to app
Organization is created successfully and test case is passed
User has logged out from application successfully
Close Browser
===DB DISCONNECTION===]]>
  </system-out>
</testsuite> <!-- TestClasses.CreateOrganizationTest -->
